<?xml version="1.0" encoding="UTF-8"?>
<testng-results skipped="0" failed="0" ignored="12" total="16" passed="4">
  <reporter-output>
  </reporter-output>
  <suite name="Suite" duration-ms="29216" started-at="2022-10-07T14:19:51 IST" finished-at="2022-10-07T14:20:20 IST">
    <groups>
    </groups>
    <test name="Register" duration-ms="8825" started-at="2022-10-07T14:19:51 IST" finished-at="2022-10-07T14:20:00 IST">
      <class name="com.example.NewTest">
        <test-method status="PASS" signature="config(java.lang.String)[pri:0, instance:com.example.NewTest@38bc8ab5]" name="config" is-config="true" duration-ms="2563" started-at="2022-10-07T14:19:51 IST" finished-at="2022-10-07T14:19:53 IST">
          <params>
            <param index="0">
              <value>
                <![CDATA[chrome]]>
              </value>
            </param>
          </params>
          <reporter-output>
          </reporter-output>
        </test-method> <!-- config -->
        <test-method status="PASS" signature="register(java.lang.String)[pri:1, instance:com.example.NewTest@38bc8ab5]" name="register" duration-ms="5499" started-at="2022-10-07T14:19:53 IST" finished-at="2022-10-07T14:19:59 IST">
          <params>
            <param index="0">
              <value>
                <![CDATA[https://magento.softwaretestingboard.com/customer/account/create/]]>
              </value>
            </param>
          </params>
          <reporter-output>
          </reporter-output>
        </test-method> <!-- register -->
        <test-method status="PASS" signature="quitbrowser()[pri:0, instance:com.example.NewTest@38bc8ab5]" name="quitbrowser" is-config="true" duration-ms="715" started-at="2022-10-07T14:19:59 IST" finished-at="2022-10-07T14:20:00 IST">
          <reporter-output>
          </reporter-output>
        </test-method> <!-- quitbrowser -->
      </class> <!-- com.example.NewTest -->
    </test> <!-- Register -->
    <test name="login" duration-ms="7493" started-at="2022-10-07T14:20:00 IST" finished-at="2022-10-07T14:20:07 IST">
      <class name="com.example.NewTest">
        <test-method status="PASS" signature="config(java.lang.String)[pri:0, instance:com.example.NewTest@42eca56e]" name="config" is-config="true" duration-ms="1805" started-at="2022-10-07T14:20:00 IST" finished-at="2022-10-07T14:20:01 IST">
          <params>
            <param index="0">
              <value>
                <![CDATA[chrome]]>
              </value>
            </param>
          </params>
          <reporter-output>
          </reporter-output>
        </test-method> <!-- config -->
        <test-method status="PASS" signature="login(java.lang.String)[pri:2, instance:com.example.NewTest@42eca56e]" name="login" duration-ms="4973" started-at="2022-10-07T14:20:01 IST" finished-at="2022-10-07T14:20:06 IST">
          <params>
            <param index="0">
              <value>
                <![CDATA[https://magento.softwaretestingboard.com/customer/account/login/referer/aHR0cHM6Ly9tYWdlbnRvLnNvZnR3YXJldGVzdGluZ2JvYXJkLmNvbS9jdXN0b21lci9hY2NvdW50L2xvZ291dC8%2C/]]>
              </value>
            </param>
          </params>
          <reporter-output>
          </reporter-output>
        </test-method> <!-- login -->
        <test-method status="PASS" signature="quitbrowser()[pri:0, instance:com.example.NewTest@42eca56e]" name="quitbrowser" is-config="true" duration-ms="713" started-at="2022-10-07T14:20:06 IST" finished-at="2022-10-07T14:20:07 IST">
          <reporter-output>
          </reporter-output>
        </test-method> <!-- quitbrowser -->
      </class> <!-- com.example.NewTest -->
    </test> <!-- login -->
    <test name="search" duration-ms="6419" started-at="2022-10-07T14:20:07 IST" finished-at="2022-10-07T14:20:14 IST">
      <class name="com.example.NewTest">
        <test-method status="PASS" signature="config(java.lang.String)[pri:0, instance:com.example.NewTest@569cfc36]" name="config" is-config="true" duration-ms="1774" started-at="2022-10-07T14:20:07 IST" finished-at="2022-10-07T14:20:09 IST">
          <params>
            <param index="0">
              <value>
                <![CDATA[chrome]]>
              </value>
            </param>
          </params>
          <reporter-output>
          </reporter-output>
        </test-method> <!-- config -->
        <test-method status="PASS" signature="search(java.lang.String)[pri:3, instance:com.example.NewTest@569cfc36]" name="search" duration-ms="3924" started-at="2022-10-07T14:20:09 IST" finished-at="2022-10-07T14:20:13 IST">
          <params>
            <param index="0">
              <value>
                <![CDATA[https://magento.softwaretestingboard.com/]]>
              </value>
            </param>
          </params>
          <reporter-output>
          </reporter-output>
        </test-method> <!-- search -->
        <test-method status="PASS" signature="quitbrowser()[pri:0, instance:com.example.NewTest@569cfc36]" name="quitbrowser" is-config="true" duration-ms="719" started-at="2022-10-07T14:20:13 IST" finished-at="2022-10-07T14:20:14 IST">
          <reporter-output>
          </reporter-output>
        </test-method> <!-- quitbrowser -->
      </class> <!-- com.example.NewTest -->
    </test> <!-- search -->
    <test name="addtocart" duration-ms="6461" started-at="2022-10-07T14:20:14 IST" finished-at="2022-10-07T14:20:20 IST">
      <class name="com.example.NewTest">
        <test-method status="PASS" signature="config(java.lang.String)[pri:0, instance:com.example.NewTest@7a30d1e6]" name="config" is-config="true" duration-ms="1674" started-at="2022-10-07T14:20:14 IST" finished-at="2022-10-07T14:20:15 IST">
          <params>
            <param index="0">
              <value>
                <![CDATA[chrome]]>
              </value>
            </param>
          </params>
          <reporter-output>
          </reporter-output>
        </test-method> <!-- config -->
        <test-method status="PASS" signature="addtocart(java.lang.String)[pri:4, instance:com.example.NewTest@7a30d1e6]" name="addtocart" duration-ms="4074" started-at="2022-10-07T14:20:15 IST" finished-at="2022-10-07T14:20:19 IST">
          <params>
            <param index="0">
              <value>
                <![CDATA[https://magento.softwaretestingboard.com/catalogsearch/result/?q=shirt]]>
              </value>
            </param>
          </params>
          <reporter-output>
          </reporter-output>
        </test-method> <!-- addtocart -->
        <test-method status="PASS" signature="quitbrowser()[pri:0, instance:com.example.NewTest@7a30d1e6]" name="quitbrowser" is-config="true" duration-ms="711" started-at="2022-10-07T14:20:19 IST" finished-at="2022-10-07T14:20:20 IST">
          <reporter-output>
          </reporter-output>
        </test-method> <!-- quitbrowser -->
      </class> <!-- com.example.NewTest -->
    </test> <!-- addtocart -->
  </suite> <!-- Suite -->
</testng-results>
