<?xml version="1.0" encoding="UTF-8"?>
<!-- Generated by org.testng.reporters.JUnitXMLReporter -->
<testsuite hostname="LAPTOP-SRPMELPF" ignored="3" name="addtocart" tests="1" failures="0" timestamp="2022-10-07T14:20:20 IST" time="6.461" errors="0">
  <testcase name="addtocart" time="4.074" classname="com.example.NewTest"/>
  <testcase name="login" time="0.0" classname="com.example.NewTest">
    <ignored/>
  </testcase> <!-- login -->
  <testcase name="search" time="0.0" classname="com.example.NewTest">
    <ignored/>
  </testcase> <!-- search -->
  <testcase name="register" time="0.0" classname="com.example.NewTest">
    <ignored/>
  </testcase> <!-- register -->
</testsuite> <!-- addtocart -->
