<?xml version="1.0" encoding="UTF-8"?>
<!-- Generated by org.testng.reporters.JUnitXMLReporter -->
<testsuite hostname="LAPTOP-SRPMELPF" ignored="3" name="login" tests="1" failures="0" timestamp="2022-10-07T14:20:07 IST" time="7.493" errors="0">
  <testcase name="login" time="4.973" classname="com.example.NewTest"/>
  <testcase name="search" time="0.0" classname="com.example.NewTest">
    <ignored/>
  </testcase> <!-- search -->
  <testcase name="addtocart" time="0.0" classname="com.example.NewTest">
    <ignored/>
  </testcase> <!-- addtocart -->
  <testcase name="register" time="0.0" classname="com.example.NewTest">
    <ignored/>
  </testcase> <!-- register -->
</testsuite> <!-- login -->
