<?xml version="1.0" encoding="UTF-8"?>
<!-- Generated by org.testng.reporters.JUnitXMLReporter -->
<testsuite hostname="LAPTOP-SRPMELPF" ignored="7" name="imagedownloadedscroll" tests="1" failures="1" timestamp="2022-10-18T15:10:53 IST" time="40.265" errors="0">
  <testcase name="imagedownloadedscroll" time="36.965" classname="TestNG.AutomateECommerce.NewTest">
    <failure type="java.lang.NullPointerException">
      <![CDATA[java.lang.NullPointerException
at TestNG.AutomateECommerce.NewTest.imagedownloadedscroll(NewTest.java:185)
at java.util.ArrayList.forEach(ArrayList.java:1257)
... Removed 27 stack frames]]>
    </failure>
  </testcase> <!-- imagedownloadedscroll -->
  <testcase name="ScrollbarpresentCheck" time="0.0" classname="TestNG.AutomateECommerce.NewTest">
    <ignored/>
  </testcase> <!-- ScrollbarpresentCheck -->
  <testcase name="loadImage" time="0.0" classname="TestNG.AutomateECommerce.NewTest">
    <ignored/>
  </testcase> <!-- loadImage -->
  <testcase name="navigate" time="0.0" classname="TestNG.AutomateECommerce.NewTest">
    <ignored/>
  </testcase> <!-- navigate -->
  <testcase name="bottom" time="0.0" classname="TestNG.AutomateECommerce.NewTest">
    <ignored/>
  </testcase> <!-- bottom -->
  <testcase name="searchproduct" time="0.0" classname="TestNG.AutomateECommerce.NewTest">
    <ignored/>
  </testcase> <!-- searchproduct -->
  <testcase name="scrollFrequency" time="0.0" classname="TestNG.AutomateECommerce.NewTest">
    <ignored/>
  </testcase> <!-- scrollFrequency -->
  <testcase name="screenResolution" time="0.0" classname="TestNG.AutomateECommerce.NewTest">
    <ignored/>
  </testcase> <!-- screenResolution -->
</testsuite> <!-- imagedownloadedscroll -->
