<?xml version="1.0" encoding="UTF-8"?>
<!-- Generated by org.testng.reporters.JUnitXMLReporter -->
<testsuite hostname="LAPTOP-SRPMELPF" ignored="6" name="ScrollbarpresentCheck" tests="1" failures="0" timestamp="2022-10-18T16:02:20 IST" time="45.699" errors="0">
  <testcase name="ScrollbarpresentCheck" time="43.259" classname="TestNG.AutomateECommerce.NewTest"/>
  <testcase name="loadImage" time="0.0" classname="TestNG.AutomateECommerce.NewTest">
    <ignored/>
  </testcase> <!-- loadImage -->
  <testcase name="navigate" time="0.0" classname="TestNG.AutomateECommerce.NewTest">
    <ignored/>
  </testcase> <!-- navigate -->
  <testcase name="bottom" time="0.0" classname="TestNG.AutomateECommerce.NewTest">
    <ignored/>
  </testcase> <!-- bottom -->
  <testcase name="searchproduct" time="0.0" classname="TestNG.AutomateECommerce.NewTest">
    <ignored/>
  </testcase> <!-- searchproduct -->
  <testcase name="scrollFrequency" time="0.0" classname="TestNG.AutomateECommerce.NewTest">
    <ignored/>
  </testcase> <!-- scrollFrequency -->
  <testcase name="screenResolution" time="0.0" classname="TestNG.AutomateECommerce.NewTest">
    <ignored/>
  </testcase> <!-- screenResolution -->
</testsuite> <!-- ScrollbarpresentCheck -->
