<?xml version="1.0" encoding="UTF-8"?>
<!-- Generated by org.testng.reporters.JUnitXMLReporter -->
<testsuite hostname="LAPTOP-SRPMELPF" ignored="6" name="scrollFrequency" tests="1" failures="0" timestamp="2022-10-18T16:02:59 IST" time="38.84" errors="0">
  <testcase name="scrollFrequency" time="36.426" classname="TestNG.AutomateECommerce.NewTest"/>
  <testcase name="ScrollbarpresentCheck" time="0.0" classname="TestNG.AutomateECommerce.NewTest">
    <ignored/>
  </testcase> <!-- ScrollbarpresentCheck -->
  <testcase name="loadImage" time="0.0" classname="TestNG.AutomateECommerce.NewTest">
    <ignored/>
  </testcase> <!-- loadImage -->
  <testcase name="navigate" time="0.0" classname="TestNG.AutomateECommerce.NewTest">
    <ignored/>
  </testcase> <!-- navigate -->
  <testcase name="bottom" time="0.0" classname="TestNG.AutomateECommerce.NewTest">
    <ignored/>
  </testcase> <!-- bottom -->
  <testcase name="searchproduct" time="0.0" classname="TestNG.AutomateECommerce.NewTest">
    <ignored/>
  </testcase> <!-- searchproduct -->
  <testcase name="screenResolution" time="0.0" classname="TestNG.AutomateECommerce.NewTest">
    <ignored/>
  </testcase> <!-- screenResolution -->
</testsuite> <!-- scrollFrequency -->
