<?xml version="1.0" encoding="UTF-8"?>
<!-- Generated by org.testng.reporters.JUnitXMLReporter -->
<testsuite hostname="LAPTOP-SRPMELPF" ignored="6" name="searchproduct" tests="1" failures="0" timestamp="2022-10-18T16:09:15 IST" time="57.349" errors="0">
  <testcase name="searchproduct" time="53.961" classname="TestNG.AutomateECommerce.NewTest"/>
  <testcase name="ScrollbarpresentCheck" time="0.0" classname="TestNG.AutomateECommerce.NewTest">
    <ignored/>
  </testcase> <!-- ScrollbarpresentCheck -->
  <testcase name="loadImage" time="0.0" classname="TestNG.AutomateECommerce.NewTest">
    <ignored/>
  </testcase> <!-- loadImage -->
  <testcase name="navigate" time="0.0" classname="TestNG.AutomateECommerce.NewTest">
    <ignored/>
  </testcase> <!-- navigate -->
  <testcase name="bottom" time="0.0" classname="TestNG.AutomateECommerce.NewTest">
    <ignored/>
  </testcase> <!-- bottom -->
  <testcase name="scrollFrequency" time="0.0" classname="TestNG.AutomateECommerce.NewTest">
    <ignored/>
  </testcase> <!-- scrollFrequency -->
  <testcase name="screenResolution" time="0.0" classname="TestNG.AutomateECommerce.NewTest">
    <ignored/>
  </testcase> <!-- screenResolution -->
</testsuite> <!-- searchproduct -->
